<?xml version="1.0" encoding="UTF-8"?>
<!-- Generated by org.testng.reporters.JUnitReportReporter -->
<testsuite hostname="QT-INBG-LT1907" failures="0" tests="1" name="TestNg_Sequential.Facebook_sequential" time="63.691" errors="0" timestamp="2023-09-03T07:40:44 SGT" skipped="0">
  <testcase classname="TestNg_Sequential.Facebook_sequential" name="Fb" time="63.691"/>
  <system-out/>
</testsuite> <!-- TestNg_Sequential.Facebook_sequential -->
