<?xml version="1.0" encoding="UTF-8"?>
<!-- Generated by org.testng.reporters.JUnitReportReporter -->
<testsuite hostname="QT-INBG-LT1907" failures="0" tests="2" name="TestNg.TestNG_Assertions" time="37.587" errors="0" timestamp="2023-09-02T22:02:01 SGT" skipped="0">
  <testcase classname="TestNg.TestNG_Assertions" name="demo" time="0.003"/>
  <system-out/>
  <testcase classname="TestNg.TestNG_Assertions" name="assertions" time="37.584"/>
  <system-out/>
</testsuite> <!-- TestNg.TestNG_Assertions -->
