<?xml version="1.0" encoding="UTF-8"?>
<!-- Generated by org.testng.reporters.JUnitReportReporter -->
<testsuite hostname="QT-INBG-LT1907" failures="0" tests="1" name="TestNg_Group.sample2" time="0.033" errors="0" timestamp="2023-09-09T19:27:39 SGT" skipped="0">
  <testcase classname="TestNg_Group.sample2" name="sample2_1" time="0.033"/>
  <system-out/>
</testsuite> <!-- TestNg_Group.sample2 -->
