<?xml version="1.0" encoding="UTF-8"?>
<!-- Generated by org.testng.reporters.JUnitReportReporter -->
<testsuite hostname="QT-INBG-LT1907" failures="0" tests="1" name="TestNg_Group.sample1" time="0.004" errors="0" timestamp="2023-09-09T19:27:39 SGT" skipped="0">
  <testcase classname="TestNg_Group.sample1" name="sample1_2" time="0.004"/>
  <system-out/>
</testsuite> <!-- TestNg_Group.sample1 -->
