<?xml version="1.0" encoding="UTF-8"?>
<!-- Generated by org.testng.reporters.JUnitReportReporter -->
<testsuite hostname="QT-INBG-LT1907" failures="0" tests="1" name="TestNg_Fail.Amazon" time="61.709" errors="0" timestamp="2023-09-02T22:23:15 SGT" skipped="0">
  <testcase classname="TestNg_Fail.Amazon" name="amazon" time="61.709"/>
  <system-out/>
</testsuite> <!-- TestNg_Fail.Amazon -->
