<?xml version="1.0" encoding="UTF-8"?>
<!-- Generated by org.testng.reporters.JUnitReportReporter -->
<testsuite hostname="QT-INBG-LT1907" failures="0" tests="3" name="TestNg.DataProvider_Explanation" time="65.902" errors="0" timestamp="2023-09-02T22:48:57 SGT" skipped="0">
  <testcase classname="TestNg.DataProvider_Explanation" name="demo" time="18.172"/>
  <system-out/>
  <testcase classname="TestNg.DataProvider_Explanation" name="demo" time="16.439"/>
  <system-out/>
  <testcase classname="TestNg.DataProvider_Explanation" name="demo" time="31.291"/>
  <system-out/>
</testsuite> <!-- TestNg.DataProvider_Explanation -->
