<?xml version="1.0" encoding="UTF-8"?>
<!-- Generated by org.testng.reporters.JUnitReportReporter -->
<testsuite hostname="QT-INBG-LT1907" failures="0" tests="6" name="TestNg.Priority_Invocation_Enabled" time="0.077" errors="0" timestamp="2023-08-31T22:23:11 SGT" skipped="1">
  <testcase classname="TestNg.Priority_Invocation_Enabled" name="demo2" time="0.038"/>
  <system-out/>
  <testcase classname="TestNg.Priority_Invocation_Enabled" name="demo2" time="0.007"/>
  <system-out/>
  <testcase classname="TestNg.Priority_Invocation_Enabled" name="demo3" time="0.005"/>
  <system-out/>
  <testcase classname="TestNg.Priority_Invocation_Enabled" name="demo3" time="0.003"/>
  <system-out/>
  <testcase classname="TestNg.Priority_Invocation_Enabled" name="demo3" time="0.024"/>
  <system-out/>
  <testcase classname="TestNg.Priority_Invocation_Enabled" name="demo1">
    <skipped/>
  </testcase> <!-- demo1 -->
  <system-out/>
</testsuite> <!-- TestNg.Priority_Invocation_Enabled -->
