<?xml version="1.0" encoding="UTF-8"?>
<!-- Generated by org.testng.reporters.JUnitReportReporter -->
<testsuite hostname="QT-INBG-LT1907" failures="0" tests="2" name="TestNg_Annotations.Annotation" time="27.286" errors="0" timestamp="2023-09-01T23:10:47 SGT" skipped="0">
  <testcase classname="TestNg_Annotations.Annotation" name="amazon" time="14.420"/>
  <system-out/>
  <testcase classname="TestNg_Annotations.Annotation" name="fb" time="12.866"/>
  <system-out/>
</testsuite> <!-- TestNg_Annotations.Annotation -->
