<?xml version="1.0" encoding="UTF-8"?>
<!-- Generated by org.testng.reporters.JUnitReportReporter -->
<testsuite hostname="QT-INBG-LT1907" failures="0" tests="1" name="TestNg_Fail.Facebook" time="34.909" errors="0" timestamp="2023-09-02T22:28:48 SGT" skipped="0">
  <testcase classname="TestNg_Fail.Facebook" name="facebook" time="34.909"/>
  <system-out/>
</testsuite> <!-- TestNg_Fail.Facebook -->
