<?xml version="1.0" encoding="UTF-8"?>
<!-- Generated by org.testng.reporters.JUnitReportReporter -->
<testsuite hostname="QT-INBG-LT1907" failures="0" tests="2" name="TestNg_Annotations.Annotations" time="0.036" errors="0" timestamp="2023-09-01T23:35:11 SGT" skipped="0">
  <testcase classname="TestNg_Annotations.Annotations" name="mainmethod" time="0.010"/>
  <system-out/>
  <testcase classname="TestNg_Annotations.Annotations" name="mainmethod" time="0.026"/>
  <system-out/>
</testsuite> <!-- TestNg_Annotations.Annotations -->
