<?xml version="1.0" encoding="UTF-8"?>
<!-- Generated by org.testng.reporters.JUnitReportReporter -->
<testsuite hostname="QT-INBG-LT1907" failures="0" tests="1" name="TestNg_Parallel.Amazon_Sequential" time="64.018" errors="0" timestamp="2023-09-01T22:17:47 SGT" skipped="0">
  <testcase classname="TestNg_Parallel.Amazon_Sequential" name="Amazon" time="64.018"/>
  <system-out/>
</testsuite> <!-- TestNg_Parallel.Amazon_Sequential -->
