<?xml version="1.0" encoding="UTF-8"?>
<!-- Generated by org.testng.reporters.JUnitReportReporter -->
<testsuite hostname="QT-INBG-LT1907" failures="0" tests="1" name="TestNg_Parallel.Facebook_sequential" time="59.576" errors="0" timestamp="2023-09-01T22:17:47 SGT" skipped="0">
  <testcase classname="TestNg_Parallel.Facebook_sequential" name="Fb" time="59.576"/>
  <system-out/>
</testsuite> <!-- TestNg_Parallel.Facebook_sequential -->
